0 info it worked if it ends with ok
1 verbose cli [ 'C:\\Program Files\\nodejs\\node.exe',
1 verbose cli   'C:\\Program Files\\nodejs\\node_modules\\npm\\bin\\npm-cli.js',
1 verbose cli   'run',
1 verbose cli   'watch' ]
2 info using npm@3.10.3
3 info using node@v6.7.0
4 verbose run-script [ 'prewatch', 'watch', 'postwatch' ]
5 info lifecycle systemsimulator@1.0.0~prewatch: systemsimulator@1.0.0
6 silly lifecycle systemsimulator@1.0.0~prewatch: no script for prewatch, continuing
7 info lifecycle systemsimulator@1.0.0~watch: systemsimulator@1.0.0
8 verbose lifecycle systemsimulator@1.0.0~watch: unsafe-perm in lifecycle true
9 verbose lifecycle systemsimulator@1.0.0~watch: PATH: C:\Program Files\nodejs\node_modules\npm\bin\node-gyp-bin;C:\Users\svandekerkhove\OneDrive\Projects\SystemSimulator\node_modules\.bin;C:\Program Files\nodejs;C:\Program Files\nodejs\node_modules\npm\bin\node-gyp-bin;C:\Users\svandekerkhove\OneDrive\Projects\SystemSimulator\node_modules\.bin;C:\Program Files\nodejs;C:\Program Files (x86)\Blue Coat\ProxyClient\;C:\ProgramData\Oracle\Java\javapath;C:\windows\system32;C:\windows;C:\windows\System32\Wbem;C:\windows\System32\WindowsPowerShell\v1.0\;t:\orawin95\dev6int\bin;t:\orawin95\dev6int\jdk\bin;C:\Program Files (x86)\Blue Coat\ProxyClient\;C:\Program Files\Microsoft SQL Server\130\Tools\Binn\;C:\Program Files\Microsoft SQL Server\Client SDK\ODBC\110\Tools\Binn\;C:\Program Files (x86)\Microsoft SQL Server\120\Tools\Binn\;C:\Program Files\Microsoft SQL Server\120\Tools\Binn\;C:\Program Files\Microsoft SQL Server\120\DTS\Binn\;C:\Program Files (x86)\Microsoft SQL Server\Client SDK\ODBC\130\Tools\Binn\;C:\Program Files (x86)\Microsoft SQL Server\130\Tools\Binn\;C:\Program Files (x86)\Microsoft SQL Server\130\DTS\Binn\;C:\Program Files (x86)\Microsoft SQL Server\130\Tools\Binn\ManagementStudio\;C:\Program Files\Microsoft\Web Platform Installer\;C:\Program Files (x86)\Microsoft SQL Server\110\DTS\Binn\;C:\Program Files (x86)\Microsoft SQL Server\120\DTS\Binn\;C:\Program Files\nodejs\;C:\ProgramData\chocolatey\bin;C:\Program Files\Git\cmd;C:\Program Files (x86)\Microsoft SQL Server\Client SDK\ODBC\110\Tools\Binn\;C:\Program Files (x86)\Microsoft SQL Server\120\Tools\Binn\ManagementStudio\;C:\Program Files\TortoiseGit\bin;C:\Program Files (x86)\Skype\Phone\;C:\Program Files\dotnet\;c:\program files\adobe\reader 8.0\reader;c:\program files\adobe\reader 9.0\reader;C:\Program Files (x86)\Microsoft VS Code\bin
10 verbose lifecycle systemsimulator@1.0.0~watch: CWD: C:\Users\svandekerkhove\OneDrive\Projects\SystemSimulator
11 silly lifecycle systemsimulator@1.0.0~watch: Args: [ '/d /s /c', 'tsc -w' ]
12 silly lifecycle systemsimulator@1.0.0~watch: Returned: code: 1  signal: null
13 info lifecycle systemsimulator@1.0.0~watch: Failed to exec watch script
14 verbose stack Error: systemsimulator@1.0.0 watch: `tsc -w`
14 verbose stack Exit status 1
14 verbose stack     at EventEmitter.<anonymous> (C:\Program Files\nodejs\node_modules\npm\lib\utils\lifecycle.js:242:16)
14 verbose stack     at emitTwo (events.js:106:13)
14 verbose stack     at EventEmitter.emit (events.js:191:7)
14 verbose stack     at ChildProcess.<anonymous> (C:\Program Files\nodejs\node_modules\npm\lib\utils\spawn.js:40:14)
14 verbose stack     at emitTwo (events.js:106:13)
14 verbose stack     at ChildProcess.emit (events.js:191:7)
14 verbose stack     at maybeClose (internal/child_process.js:877:16)
14 verbose stack     at Process.ChildProcess._handle.onexit (internal/child_process.js:226:5)
15 verbose pkgid systemsimulator@1.0.0
16 verbose cwd C:\Users\svandekerkhove\OneDrive\Projects\SystemSimulator
17 error Windows_NT 6.1.7601
18 error argv "C:\\Program Files\\nodejs\\node.exe" "C:\\Program Files\\nodejs\\node_modules\\npm\\bin\\npm-cli.js" "run" "watch"
19 error node v6.7.0
20 error npm  v3.10.3
21 error code ELIFECYCLE
22 error systemsimulator@1.0.0 watch: `tsc -w`
22 error Exit status 1
23 error Failed at the systemsimulator@1.0.0 watch script 'tsc -w'.
23 error Make sure you have the latest version of node.js and npm installed.
23 error If you do, this is most likely a problem with the systemsimulator package,
23 error not with npm itself.
23 error Tell the author that this fails on your system:
23 error     tsc -w
23 error You can get information on how to open an issue for this project with:
23 error     npm bugs systemsimulator
23 error Or if that isn't available, you can get their info via:
23 error     npm owner ls systemsimulator
23 error There is likely additional logging output above.
24 verbose exit [ 1, true ]
